0 info it worked if it ends with ok
1 verbose cli [ 'c:\\Program Files\\nodejs\\node.exe',
1 verbose cli   'c:\\Program Files\\nodejs\\node_modules\\npm\\bin\\npm-cli.js',
1 verbose cli   'install',
1 verbose cli   'xmldem@*',
1 verbose cli   '--save' ]
2 info using npm@2.11.3
3 info using node@v0.12.7
4 verbose install initial load of C:\Users\Asifur\Documents\Aptana Studio 3 Workspace\tl-create\src\package.json
5 warn package.json tl-creat@1.0.0 No description
6 warn package.json tl-creat@1.0.0 No README data
7 verbose installManyTop reading scoped package data from C:\Users\Asifur\Documents\Aptana Studio 3 Workspace\tl-create\src\node_modules\commander\package.json
8 verbose installManyTop reading scoped package data from C:\Users\Asifur\Documents\Aptana Studio 3 Workspace\tl-create\src\node_modules\fs\package.json
9 verbose installManyTop reading scoped package data from C:\Users\Asifur\Documents\Aptana Studio 3 Workspace\tl-create\src\node_modules\util\package.json
10 verbose installManyTop reading scoped package data from C:\Users\Asifur\Documents\Aptana Studio 3 Workspace\tl-create\src\node_modules\xml2js\package.json
11 verbose installManyTop reading scoped package data from C:\Users\Asifur\Documents\Aptana Studio 3 Workspace\tl-create\src\node_modules\xmldom\package.json
12 info package.json fs@0.0.2 fs is also the name of a node core module.
13 info package.json fs@0.0.2 No description
14 info package.json fs@0.0.2 No repository field.
15 info package.json fs@0.0.2 No README data
16 info package.json util@0.10.3 util is also the name of a node core module.
17 info package.json xmldom@0.1.19 No license field.
18 verbose readDependencies loading dependencies from C:\Users\Asifur\Documents\Aptana Studio 3 Workspace\tl-create\src\package.json
19 silly cache add args [ 'xmldem@*', null ]
20 verbose cache add spec xmldem@*
21 silly cache add parsed spec { raw: 'xmldem@*',
21 silly cache add   scope: null,
21 silly cache add   name: 'xmldem',
21 silly cache add   rawSpec: '*',
21 silly cache add   spec: '*',
21 silly cache add   type: 'range' }
22 silly addNamed xmldem@*
23 verbose addNamed "*" is a valid semver range for xmldem
24 silly addNameRange { name: 'xmldem', range: '*', hasData: false }
25 silly mapToRegistry name xmldem
26 silly mapToRegistry using default registry
27 silly mapToRegistry registry https://registry.npmjs.org/
28 silly mapToRegistry uri https://registry.npmjs.org/xmldem
29 verbose addNameRange registry:https://registry.npmjs.org/xmldem not in flight; fetching
30 verbose request uri https://registry.npmjs.org/xmldem
31 verbose request no auth needed
32 info attempt registry request try #1 at 8:37:29 PM
33 verbose request id 8acf108df5e0d736
34 http request GET https://registry.npmjs.org/xmldem
35 http 404 https://registry.npmjs.org/xmldem
36 verbose headers { 'content-type': 'application/json',
36 verbose headers   'cache-control': 'max-age=0',
36 verbose headers   'content-length': '2',
36 verbose headers   'accept-ranges': 'bytes',
36 verbose headers   date: 'Sat, 17 Oct 2015 14:37:33 GMT',
36 verbose headers   via: '1.1 varnish',
36 verbose headers   age: '0',
36 verbose headers   connection: 'keep-alive',
36 verbose headers   'x-served-by': 'cache-sin6921-SIN',
36 verbose headers   'x-cache': 'MISS',
36 verbose headers   'x-cache-hits': '0',
36 verbose headers   'x-timer': 'S1445092652.580888,VS0,VE1014' }
37 silly get cb [ 404,
37 silly get   { 'content-type': 'application/json',
37 silly get     'cache-control': 'max-age=0',
37 silly get     'content-length': '2',
37 silly get     'accept-ranges': 'bytes',
37 silly get     date: 'Sat, 17 Oct 2015 14:37:33 GMT',
37 silly get     via: '1.1 varnish',
37 silly get     age: '0',
37 silly get     connection: 'keep-alive',
37 silly get     'x-served-by': 'cache-sin6921-SIN',
37 silly get     'x-cache': 'MISS',
37 silly get     'x-cache-hits': '0',
37 silly get     'x-timer': 'S1445092652.580888,VS0,VE1014' } ]
38 verbose stack Error: Registry returned 404 for GET on https://registry.npmjs.org/xmldem
38 verbose stack     at CachingRegistryClient.<anonymous> (c:\Program Files\nodejs\node_modules\npm\node_modules\npm-registry-client\lib\request.js:239:14)
38 verbose stack     at Request._callback (c:\Program Files\nodejs\node_modules\npm\node_modules\npm-registry-client\lib\request.js:170:14)
38 verbose stack     at Request.self.callback (c:\Program Files\nodejs\node_modules\npm\node_modules\request\request.js:354:22)
38 verbose stack     at Request.emit (events.js:110:17)
38 verbose stack     at Request.<anonymous> (c:\Program Files\nodejs\node_modules\npm\node_modules\request\request.js:1207:14)
38 verbose stack     at Request.emit (events.js:129:20)
38 verbose stack     at IncomingMessage.<anonymous> (c:\Program Files\nodejs\node_modules\npm\node_modules\request\request.js:1153:12)
38 verbose stack     at IncomingMessage.emit (events.js:129:20)
38 verbose stack     at _stream_readable.js:908:16
38 verbose stack     at process._tickCallback (node.js:355:11)
39 verbose statusCode 404
40 verbose pkgid xmldem
41 verbose cwd C:\Users\Asifur\Documents\Aptana Studio 3 Workspace\tl-create\src
42 error Windows_NT 6.3.9600
43 error argv "c:\\Program Files\\nodejs\\node.exe" "c:\\Program Files\\nodejs\\node_modules\\npm\\bin\\npm-cli.js" "install" "xmldem@*" "--save"
44 error node v0.12.7
45 error npm  v2.11.3
46 error code E404
47 error 404 Registry returned 404 for GET on https://registry.npmjs.org/xmldem
47 error 404
47 error 404 'xmldem' is not in the npm registry.
47 error 404 You should bug the author to publish it (or use the name yourself!)
47 error 404 It was specified as a dependency of 'tl-creat'
47 error 404
47 error 404 Note that you can also install from a
47 error 404 tarball, folder, http url, or git url.
48 verbose exit [ 1, true ]
